[debug] [2021-12-23T09:28:24.296Z] ----------------------------------------------------------------------
[debug] [2021-12-23T09:28:24.300Z] Command:       C:\Program Files\nodejs\node.exe C:\Users\rafae\AppData\Roaming\npm\node_modules\firebase-tools\lib\bin\firebase.js emulators:start --only database --import=./output
[debug] [2021-12-23T09:28:24.301Z] CLI Version:   9.17.0
[debug] [2021-12-23T09:28:24.301Z] Platform:      win32
[debug] [2021-12-23T09:28:24.301Z] Node Version:  v14.17.1
[debug] [2021-12-23T09:28:24.304Z] Time:          Thu Dec 23 2021 04:28:24 GMT-0500 (Colombia Standard Time)
[debug] [2021-12-23T09:28:24.304Z] ----------------------------------------------------------------------
[debug] 
[debug] [2021-12-23T09:28:24.309Z] >>> [apiv2][query] GET https://firebase-public.firebaseio.com/cli.json [none]
[debug] [2021-12-23T09:28:24.360Z] > command requires scopes: ["email","openid","https://www.googleapis.com/auth/cloudplatformprojects.readonly","https://www.googleapis.com/auth/firebase","https://www.googleapis.com/auth/cloud-platform"]
[debug] [2021-12-23T09:28:24.361Z] > authorizing via signed-in user (rafaelmartinez2699@gmail.com)
[warn] !  Could not find config (firebase.json) so using defaults. 
[info] i  emulators: Starting emulators: database {"metadata":{"emulator":{"name":"hub"},"message":"Starting emulators: database"}}
[info] i  emulators: Shutting down emulators. {"metadata":{"emulator":{"name":"hub"},"message":"Shutting down emulators."}}
[debug] [2021-12-23T09:28:24.738Z] Error: ENOENT: no such file or directory, lstat 'D:\University\proyecto-dómotica\control-monitoreo-domotica\output'
    at Object.lstatSync (fs.js:1115:3)
    at findExportMetadata (C:\Users\rafae\AppData\Roaming\npm\node_modules\firebase-tools\lib\emulator\controller.js:159:32)
    at Object.startAll (C:\Users\rafae\AppData\Roaming\npm\node_modules\firebase-tools\lib\emulator\controller.js:234:31)
    at Command.actionFn (C:\Users\rafae\AppData\Roaming\npm\node_modules\firebase-tools\lib\commands\emulators-start.js:26:26)
    at C:\Users\rafae\AppData\Roaming\npm\node_modules\firebase-tools\lib\command.js:190:25
    at processTicksAndRejections (internal/process/task_queues.js:95:5)
[error] 
[error] Error: An unexpected error has occurred.
[debug] [2022-03-02T18:06:25.118Z] ----------------------------------------------------------------------
[debug] [2022-03-02T18:06:25.121Z] Command:       C:\Program Files\nodejs\node.exe C:\Users\rafae\AppData\Roaming\npm\node_modules\firebase-tools\lib\bin\firebase.js emulators:start --only database --import=./output
[debug] [2022-03-02T18:06:25.122Z] CLI Version:   10.2.0
[debug] [2022-03-02T18:06:25.122Z] Platform:      win32
[debug] [2022-03-02T18:06:25.122Z] Node Version:  v14.17.1
[debug] [2022-03-02T18:06:25.125Z] Time:          Wed Mar 02 2022 13:06:25 GMT-0500 (Colombia Standard Time)
[debug] [2022-03-02T18:06:25.125Z] ----------------------------------------------------------------------
[debug] 
[debug] [2022-03-02T18:06:25.132Z] >>> [apiv2][query] GET https://firebase-public.firebaseio.com/cli.json [none]
[debug] [2022-03-02T18:06:25.186Z] > command requires scopes: ["email","openid","https://www.googleapis.com/auth/cloudplatformprojects.readonly","https://www.googleapis.com/auth/firebase","https://www.googleapis.com/auth/cloud-platform"]
[debug] [2022-03-02T18:06:25.186Z] > authorizing via signed-in user (rafaelmartinez2699@gmail.com)
[warn] !  Could not find config (firebase.json) so using defaults. 
[info] i  emulators: Starting emulators: database {"metadata":{"emulator":{"name":"hub"},"message":"Starting emulators: database"}}
[info] i  emulators: Shutting down emulators. {"metadata":{"emulator":{"name":"hub"},"message":"Shutting down emulators."}}
[debug] [2022-03-02T18:06:25.762Z] Error: ENOENT: no such file or directory, lstat 'D:\University\proyecto-dómotica\control-monitoreo-domotica\output'
    at Object.lstatSync (fs.js:1115:3)
    at findExportMetadata (C:\Users\rafae\AppData\Roaming\npm\node_modules\firebase-tools\lib\emulator\controller.js:159:32)
    at Object.startAll (C:\Users\rafae\AppData\Roaming\npm\node_modules\firebase-tools\lib\emulator\controller.js:234:31)
    at Command.actionFn (C:\Users\rafae\AppData\Roaming\npm\node_modules\firebase-tools\lib\commands\emulators-start.js:26:26)
    at C:\Users\rafae\AppData\Roaming\npm\node_modules\firebase-tools\lib\command.js:190:25
    at processTicksAndRejections (internal/process/task_queues.js:95:5)
[error] 
[error] Error: An unexpected error has occurred.
